<?xml version="1.0" encoding="UTF-8"?>
<testsuite xmlns:xsi="http://www.w3.org/2001/XMLSchema-instance" xsi:noNamespaceSchemaLocation="https://maven.apache.org/surefire/maven-surefire-plugin/xsd/surefire-test-report.xsd" version="3.0.2" name="com.esp32web.api.esp32_mqtt.Esp32MqttApplicationTests" time="12.272" tests="1" errors="0" skipped="0" failures="0">
  <properties>
[...]
</properties>
  <testcase name="contextLoads" classname="com.esp32web.api.esp32_mqtt.Esp32MqttApplicationTests" time="0.683">
    <system-out><![CDATA[20:28:00.725 [main] INFO org.springframework.test.context.support.AnnotationConfigContextLoaderUtils -- Could not detect default configuration classes for test class [com.esp32web.api.esp32_mqtt.Esp32MqttApplicationTests]: Esp32MqttApplicationTests does not declare any static, non-private, non-final, nested classes annotated with @Configuration.
20:28:00.882 [main] INFO org.springframework.boot.test.context.SpringBootTestContextBootstrapper -- Found @SpringBootConfiguration com.esp32web.api.esp32_mqtt.Esp32MqttApplication for test class com.esp32web.api.esp32_mqtt.Esp32MqttApplicationTests

  .   ____          _            __ _ _
 /\\ / ___'_ __ _ _(_)_ __  __ _ \ \ \ \
( ( )\___ | '_ | '_| | '_ \/ _` | \ \ \ \
 \\/  ___)| |_)| | | | | || (_| |  ) ) ) )
  '  |____| .__|_| |_|_| |_\__, | / / / /
 =========|_|==============|___/=/_/_/_/

 :: Spring Boot ::                (v3.4.3)

2025-03-15T20:28:01.607+01:00  INFO 2005 --- [           main] c.e.a.e.Esp32MqttApplicationTests        : Starting Esp32MqttApplicationTests using Java 17.0.14 with PID 2005 (started by admin in /home/admin/API_IOT)
2025-03-15T20:28:01.610+01:00  INFO 2005 --- [           main] c.e.a.e.Esp32MqttApplicationTests        : No active profile set, falling back to 1 default profile: "default"
2025-03-15T20:28:03.546+01:00  INFO 2005 --- [           main] .s.d.r.c.RepositoryConfigurationDelegate : Bootstrapping Spring Data JPA repositories in DEFAULT mode.
2025-03-15T20:28:03.727+01:00  INFO 2005 --- [           main] .s.d.r.c.RepositoryConfigurationDelegate : Finished Spring Data repository scanning in 164 ms. Found 3 JPA repository interfaces.
2025-03-15T20:28:05.086+01:00  INFO 2005 --- [           main] o.hibernate.jpa.internal.util.LogHelper  : HHH000204: Processing PersistenceUnitInfo [name: default]
2025-03-15T20:28:05.165+01:00  INFO 2005 --- [           main] org.hibernate.Version                    : HHH000412: Hibernate ORM core version 6.6.8.Final
2025-03-15T20:28:05.212+01:00  INFO 2005 --- [           main] o.h.c.internal.RegionFactoryInitiator    : HHH000026: Second-level cache disabled
2025-03-15T20:28:05.668+01:00  INFO 2005 --- [           main] o.s.o.j.p.SpringPersistenceUnitInfo      : No LoadTimeWeaver setup: ignoring JPA class transformer
2025-03-15T20:28:05.719+01:00  INFO 2005 --- [           main] com.zaxxer.hikari.HikariDataSource       : HikariPool-1 - Starting...
2025-03-15T20:28:05.980+01:00  INFO 2005 --- [           main] com.zaxxer.hikari.pool.HikariPool        : HikariPool-1 - Added connection org.postgresql.jdbc.PgConnection@5f68eec6
2025-03-15T20:28:05.983+01:00  INFO 2005 --- [           main] com.zaxxer.hikari.HikariDataSource       : HikariPool-1 - Start completed.
2025-03-15T20:28:06.036+01:00  WARN 2005 --- [           main] org.hibernate.orm.deprecation            : HHH90000025: PostgreSQLDialect does not need to be specified explicitly using 'hibernate.dialect' (remove the property setting and it will be selected by default)
2025-03-15T20:28:06.064+01:00  INFO 2005 --- [           main] org.hibernate.orm.connections.pooling    : HHH10001005: Database info:
	Database JDBC URL [Connecting through datasource 'HikariDataSource (HikariPool-1)']
	Database driver: undefined/unknown
	Database version: 15.10
	Autocommit mode: undefined/unknown
	Isolation level: undefined/unknown
	Minimum pool size: undefined/unknown
	Maximum pool size: undefined/unknown
2025-03-15T20:28:07.517+01:00  INFO 2005 --- [           main] o.h.e.t.j.p.i.JtaPlatformInitiator       : HHH000489: No JTA platform available (set 'hibernate.transaction.jta.platform' to enable JTA platform integration)
2025-03-15T20:28:07.618+01:00  INFO 2005 --- [           main] j.LocalContainerEntityManagerFactoryBean : Initialized JPA EntityManagerFactory for persistence unit 'default'
mqtt.clientId = SpringBootMqttClient
✅ Connecté à MQTT et abonné au topic : esp32/sensors
2025-03-15T20:28:09.230+01:00  WARN 2005 --- [           main] JpaBaseConfiguration$JpaWebConfiguration : spring.jpa.open-in-view is enabled by default. Therefore, database queries may be performed during view rendering. Explicitly configure spring.jpa.open-in-view to disable this warning
2025-03-15T20:28:09.343+01:00  INFO 2005 --- [           main] r$InitializeUserDetailsManagerConfigurer : Global AuthenticationManager configured with UserDetailsService bean with name customUserDetailsService
2025-03-15T20:28:10.592+01:00  INFO 2005 --- [           main] o.s.b.a.e.web.EndpointLinksResolver      : Exposing 14 endpoints beneath base path '/actuator'
📥 Message reçu : {"temperature":19.2,"humidity":57.9,"luminosite_raw":0,"humidite_sol_raw":4095,"macAddress":"94:B9:7E:EB:18:14"}
Hibernate: 
    select
        d1_0.id,
        d1_0.device_id,
        d1_0.name,
        d1_0.user_id 
    from
        devices d1_0 
    where
        d1_0.device_id=?
2025-03-15T20:28:11.116+01:00  INFO 2005 --- [gBootMqttClient] o.s.b.f.s.DefaultListableBeanFactory     : Creating singleton bean 'transactionManager' in thread "MQTT Call: SpringBootMqttClient" while other thread holds singleton lock for other beans [mvcPathMatcher]
2025-03-15T20:28:11.122+01:00  INFO 2005 --- [gBootMqttClient] o.s.b.f.s.DefaultListableBeanFactory     : Creating singleton bean 'platformTransactionManagerCustomizers' in thread "MQTT Call: SpringBootMqttClient" while other thread holds singleton lock for other beans [transactionManager, requestMappingHandlerAdapter]
2025-03-15T20:28:11.122+01:00  INFO 2005 --- [gBootMqttClient] o.s.b.f.s.DefaultListableBeanFactory     : Creating singleton bean 'org.springframework.boot.autoconfigure.transaction.TransactionManagerCustomizationAutoConfiguration' in thread "MQTT Call: SpringBootMqttClient" while other thread holds singleton lock for other beans [transactionManager, platformTransactionManagerCustomizers, requestMappingHandlerAdapter]
2025-03-15T20:28:11.128+01:00  INFO 2005 --- [gBootMqttClient] o.s.b.f.s.DefaultListableBeanFactory     : Creating singleton bean 'transactionExecutionListeners' in thread "MQTT Call: SpringBootMqttClient" while other thread holds singleton lock for other beans [transactionManager, platformTransactionManagerCustomizers, requestMappingHandlerAdapter]
2025-03-15T20:28:11.132+01:00  INFO 2005 --- [gBootMqttClient] o.s.b.f.s.DefaultListableBeanFactory     : Creating singleton bean 'spring.transaction-org.springframework.boot.autoconfigure.transaction.TransactionProperties' in thread "MQTT Call: SpringBootMqttClient" while other thread holds singleton lock for other beans [sortResolver, sortCustomizer, transactionManager, platformTransactionManagerCustomizers, requestMappingHandlerAdapter]
Hibernate: 
    insert 
    into
        measurements
        (device_id, humidite_sol_raw, humidity, luminosite_raw, temperature, timestamp) 
    values
        (?, ?, ?, ?, ?, ?)
✅ Mesure enregistrée pour le device: 94:B9:7E:EB:18:14
2025-03-15T20:28:11.995+01:00  INFO 2005 --- [           main] c.e.a.e.Esp32MqttApplicationTests        : Started Esp32MqttApplicationTests in 10.854 seconds (process running for 12.253)
]]></system-out>
  </testcase>
</testsuite>